Arguments: 
  /snap/node/3292/bin/node /snap/node/3292/bin/yarn.js config get registry

PATH: 
  /home/san/.npm/_npx/6974/bin:/home/san/node_modules/.bin:/home/san/anaconda3/bin:/home/san/anaconda3/condabin:/usr/lib/jvm/java-8-openjdk-amd64/bin:/home/san/.local/bin:/usr/local/sbin:/usr/local/bin:/usr/sbin:/usr/bin:/sbin:/bin:/usr/games:/usr/local/games:/snap/bin:/home/san/Android/Sdk/tools:/home/san/Android/Sdk/platform-tool

Yarn version: 
  1.22.5

Node version: 
  12.19.0

Platform: 
  linux x64

Trace: 
  Error: EACCES: permission denied, write
      at writeSync (fs.js:679:3)
      at SyncWriteStream._write (internal/fs/sync_write_stream.js:24:3)
      at doWrite (_stream_writable.js:403:12)
      at writeOrBuffer (_stream_writable.js:387:5)
      at SyncWriteStream.Writable.write (_stream_writable.js:318:11)
      at ConsoleReporter._log (/snap/node/3292/lib/cli.js:96770:17)
      at ConsoleReporter.log (/snap/node/3292/lib/cli.js:96758:10)
      at get (/snap/node/3292/lib/cli.js:87536:14)
      at Object.<anonymous> (/snap/node/3292/lib/cli.js:25940:25)
      at Generator.next (<anonymous>)

npm manifest: 
  {
    "name": "restaurant-map",
    "version": "0.1.0",
    "private": true
  }

yarn manifest: 
  No manifest

Lockfile: 
  No lockfile
